TN:
SF:src/main.ts
FN:51,(anonymous_1)
FN:52,(anonymous_2)
FN:55,(anonymous_3)
FN:56,(anonymous_4)
FNF:4
FNH:3
FNDA:4,(anonymous_1)
FNDA:0,(anonymous_2)
FNDA:4,(anonymous_3)
FNDA:4,(anonymous_4)
DA:1,4
DA:2,4
DA:3,4
DA:4,4
DA:5,4
DA:6,4
DA:7,4
DA:8,4
DA:9,4
DA:10,4
DA:12,4
DA:14,4
DA:15,4
DA:18,4
DA:36,4
DA:37,4
DA:40,4
DA:41,4
DA:44,4
DA:45,4
DA:46,4
DA:47,4
DA:50,4
DA:51,4
DA:52,0
DA:55,4
DA:56,4
DA:57,4
DA:58,4
DA:63,4
DA:66,4
LF:31
LH:30
BRDA:50,0,0,4
BRDA:50,0,1,0
BRF:2
BRH:1
end_of_record
TN:
SF:src/controllers/auth_controller.ts
FN:4,(anonymous_8)
FN:4,(anonymous_9)
FN:14,(anonymous_10)
FN:14,(anonymous_11)
FN:24,(anonymous_12)
FN:24,(anonymous_13)
FN:34,(anonymous_14)
FN:34,(anonymous_15)
FNF:8
FNH:8
FNDA:4,(anonymous_8)
FNDA:4,(anonymous_9)
FNDA:6,(anonymous_10)
FNDA:6,(anonymous_11)
FNDA:2,(anonymous_12)
FNDA:2,(anonymous_13)
FNDA:2,(anonymous_14)
FNDA:2,(anonymous_15)
DA:2,4
DA:4,4
DA:5,4
DA:6,4
DA:7,4
DA:8,4
DA:10,0
DA:14,6
DA:15,6
DA:16,6
DA:17,6
DA:18,6
DA:20,0
DA:24,4
DA:25,2
DA:26,2
DA:27,2
DA:28,1
DA:30,1
DA:34,4
DA:35,2
DA:36,2
DA:37,2
DA:38,1
DA:40,1
DA:44,4
LF:26
LH:24
BRF:0
BRH:0
end_of_record
TN:
SF:src/controllers/comments_controller.ts
FN:4,(anonymous_8)
FN:4,(anonymous_9)
FN:15,(anonymous_10)
FN:15,(anonymous_11)
FN:25,(anonymous_12)
FN:25,(anonymous_13)
FN:34,(anonymous_14)
FN:34,(anonymous_15)
FN:45,(anonymous_16)
FN:45,(anonymous_17)
FNF:10
FNH:8
FNDA:3,(anonymous_8)
FNDA:3,(anonymous_9)
FNDA:2,(anonymous_10)
FNDA:2,(anonymous_11)
FNDA:1,(anonymous_12)
FNDA:1,(anonymous_13)
FNDA:2,(anonymous_14)
FNDA:2,(anonymous_15)
FNDA:0,(anonymous_16)
FNDA:0,(anonymous_17)
DA:2,4
DA:4,4
DA:5,3
DA:6,3
DA:7,3
DA:8,3
DA:9,3
DA:11,0
DA:15,4
DA:16,2
DA:17,2
DA:18,2
DA:19,1
DA:21,1
DA:25,4
DA:26,1
DA:27,1
DA:28,1
DA:30,0
DA:34,4
DA:35,2
DA:36,2
DA:37,2
DA:38,2
DA:39,1
DA:41,1
DA:45,4
DA:46,0
DA:47,0
DA:48,0
DA:50,0
DA:54,4
LF:32
LH:26
BRF:0
BRH:0
end_of_record
TN:
SF:src/controllers/posts_controller.ts
FN:4,(anonymous_8)
FN:4,(anonymous_9)
FN:15,(anonymous_10)
FN:15,(anonymous_11)
FN:25,(anonymous_12)
FN:25,(anonymous_13)
FN:34,(anonymous_14)
FN:34,(anonymous_15)
FN:46,(anonymous_16)
FN:46,(anonymous_17)
FNF:10
FNH:10
FNDA:2,(anonymous_8)
FNDA:2,(anonymous_9)
FNDA:1,(anonymous_10)
FNDA:1,(anonymous_11)
FNDA:3,(anonymous_12)
FNDA:3,(anonymous_13)
FNDA:1,(anonymous_14)
FNDA:1,(anonymous_15)
FNDA:3,(anonymous_16)
FNDA:3,(anonymous_17)
DA:2,4
DA:4,4
DA:5,2
DA:6,2
DA:7,2
DA:8,2
DA:9,2
DA:11,0
DA:15,4
DA:16,1
DA:17,1
DA:18,1
DA:19,1
DA:21,0
DA:25,4
DA:26,3
DA:27,3
DA:28,1
DA:30,2
DA:34,4
DA:35,1
DA:36,1
DA:37,1
DA:38,1
DA:39,1
DA:41,0
DA:46,4
DA:47,3
DA:48,3
DA:49,3
DA:51,3
DA:52,3
DA:54,0
DA:57,0
DA:61,4
LF:35
LH:30
BRDA:51,0,0,3
BRDA:51,0,1,0
BRF:2
BRH:1
end_of_record
TN:
SF:src/controllers/users_controller.ts
FN:4,(anonymous_7)
FN:7,(anonymous_8)
FN:12,(anonymous_10)
FN:22,(anonymous_12)
FN:33,(anonymous_14)
FNF:5
FNH:5
FNDA:4,(anonymous_7)
FNDA:1,(anonymous_8)
FNDA:1,(anonymous_10)
FNDA:1,(anonymous_12)
FNDA:4,(anonymous_14)
DA:2,4
DA:4,4
DA:5,4
DA:8,1
DA:9,1
DA:13,1
DA:14,1
DA:15,1
DA:16,0
DA:17,0
DA:19,1
DA:23,1
DA:24,1
DA:25,1
DA:26,1
DA:27,0
DA:28,0
DA:30,1
DA:34,4
DA:35,4
DA:36,4
LF:21
LH:17
BRDA:15,0,0,0
BRDA:26,1,0,0
BRF:2
BRH:0
end_of_record
TN:
SF:src/models/comments_model.ts
FNF:0
FNH:0
DA:1,4
DA:9,4
DA:17,4
DA:18,4
LF:4
LH:4
BRF:0
BRH:0
end_of_record
TN:
SF:src/models/posts_model.ts
FNF:0
FNH:0
DA:1,4
DA:9,4
DA:17,4
DA:18,4
LF:4
LH:4
BRF:0
BRH:0
end_of_record
TN:
SF:src/models/users_model.ts
FNF:0
FNH:0
DA:1,4
DA:10,4
DA:17,4
DA:19,4
LF:4
LH:4
BRF:0
BRH:0
end_of_record
TN:
SF:src/repositories/commentRepository.ts
FN:11,(anonymous_8)
FN:11,(anonymous_9)
FN:16,(anonymous_10)
FN:16,(anonymous_11)
FN:20,(anonymous_12)
FN:20,(anonymous_13)
FN:24,(anonymous_14)
FN:24,(anonymous_15)
FN:28,(anonymous_16)
FN:28,(anonymous_17)
FN:32,(anonymous_18)
FN:32,(anonymous_19)
FN:36,(anonymous_20)
FN:36,(anonymous_21)
FN:40,(anonymous_22)
FN:40,(anonymous_23)
FNF:16
FNH:14
FNDA:3,(anonymous_8)
FNDA:3,(anonymous_9)
FNDA:5,(anonymous_10)
FNDA:5,(anonymous_11)
FNDA:0,(anonymous_12)
FNDA:0,(anonymous_13)
FNDA:1,(anonymous_14)
FNDA:1,(anonymous_15)
FNDA:1,(anonymous_16)
FNDA:1,(anonymous_17)
FNDA:3,(anonymous_18)
FNDA:3,(anonymous_19)
FNDA:3,(anonymous_20)
FNDA:3,(anonymous_21)
FNDA:1,(anonymous_22)
FNDA:1,(anonymous_23)
DA:1,4
DA:2,4
DA:11,4
DA:12,3
DA:13,3
DA:16,5
DA:17,5
DA:20,4
DA:21,0
DA:24,4
DA:25,1
DA:28,4
DA:29,1
DA:32,4
DA:33,3
DA:36,4
DA:37,3
DA:40,4
DA:41,1
DA:44,4
LF:20
LH:19
BRF:0
BRH:0
end_of_record
TN:
SF:src/repositories/postRepository.ts
FN:10,(anonymous_8)
FN:10,(anonymous_9)
FN:15,(anonymous_10)
FN:15,(anonymous_11)
FN:19,(anonymous_12)
FN:19,(anonymous_13)
FN:23,(anonymous_14)
FN:23,(anonymous_15)
FN:27,(anonymous_16)
FN:27,(anonymous_17)
FNF:10
FNH:10
FNDA:2,(anonymous_8)
FNDA:2,(anonymous_9)
FNDA:1,(anonymous_10)
FNDA:1,(anonymous_11)
FNDA:4,(anonymous_12)
FNDA:4,(anonymous_13)
FNDA:1,(anonymous_14)
FNDA:1,(anonymous_15)
FNDA:3,(anonymous_16)
FNDA:3,(anonymous_17)
DA:1,4
DA:10,4
DA:11,2
DA:12,2
DA:15,4
DA:16,1
DA:19,4
DA:20,4
DA:23,4
DA:24,1
DA:27,4
DA:28,3
DA:29,3
DA:30,3
DA:32,0
DA:37,4
LF:16
LH:15
BRDA:15,0,0,0
BRF:1
BRH:0
end_of_record
TN:
SF:src/repositories/usersRepository.ts
FN:10,(anonymous_8)
FN:10,(anonymous_9)
FN:15,(anonymous_10)
FN:15,(anonymous_11)
FN:19,(anonymous_12)
FN:19,(anonymous_13)
FN:23,(anonymous_14)
FN:23,(anonymous_15)
FN:27,(anonymous_16)
FN:27,(anonymous_17)
FN:31,(anonymous_18)
FN:31,(anonymous_19)
FN:35,(anonymous_20)
FN:35,(anonymous_21)
FN:39,(anonymous_22)
FN:39,(anonymous_23)
FNF:16
FNH:16
FNDA:4,(anonymous_8)
FNDA:4,(anonymous_9)
FNDA:1,(anonymous_10)
FNDA:1,(anonymous_11)
FNDA:3,(anonymous_12)
FNDA:3,(anonymous_13)
FNDA:1,(anonymous_14)
FNDA:1,(anonymous_15)
FNDA:4,(anonymous_16)
FNDA:4,(anonymous_17)
FNDA:8,(anonymous_18)
FNDA:8,(anonymous_19)
FNDA:10,(anonymous_20)
FNDA:10,(anonymous_21)
FNDA:4,(anonymous_22)
FNDA:4,(anonymous_23)
DA:1,4
DA:10,4
DA:11,4
DA:12,4
DA:15,4
DA:16,1
DA:19,4
DA:20,3
DA:23,4
DA:24,1
DA:27,4
DA:28,4
DA:31,8
DA:32,8
DA:35,10
DA:36,10
DA:39,4
DA:40,4
DA:43,4
LF:19
LH:19
BRDA:15,0,0,1
BRF:1
BRH:1
end_of_record
TN:
SF:src/routes/authRoute.ts
FNF:0
FNH:0
DA:1,4
DA:2,4
DA:3,4
DA:33,4
DA:60,4
DA:84,4
DA:98,4
DA:100,4
LF:8
LH:8
BRF:0
BRH:0
end_of_record
TN:
SF:src/routes/commentsRout.ts
FN:28,(anonymous_1)
FN:59,(anonymous_2)
FN:94,(anonymous_3)
FN:119,(anonymous_4)
FN:144,(anonymous_5)
FNF:5
FNH:4
FNDA:1,(anonymous_1)
FNDA:3,(anonymous_2)
FNDA:2,(anonymous_3)
FNDA:2,(anonymous_4)
FNDA:0,(anonymous_5)
DA:2,4
DA:3,4
DA:4,4
DA:5,4
DA:28,4
DA:29,1
DA:59,4
DA:60,3
DA:94,4
DA:95,2
DA:119,4
DA:120,2
DA:144,4
DA:145,0
DA:148,4
LF:15
LH:14
BRF:0
BRH:0
end_of_record
TN:
SF:src/routes/postsRouter.ts
FN:41,(anonymous_1)
FN:61,(anonymous_2)
FN:88,(anonymous_3)
FN:133,(anonymous_4)
FN:160,(anonymous_5)
FNF:5
FNH:5
FNDA:2,(anonymous_1)
FNDA:1,(anonymous_2)
FNDA:3,(anonymous_3)
FNDA:1,(anonymous_4)
FNDA:3,(anonymous_5)
DA:2,4
DA:3,4
DA:4,4
DA:5,4
DA:41,4
DA:42,2
DA:61,4
DA:62,1
DA:88,4
DA:89,3
DA:133,4
DA:134,1
DA:160,4
DA:161,3
DA:164,4
LF:15
LH:15
BRF:0
BRH:0
end_of_record
TN:
SF:src/routes/usersRoute.ts
FN:23,(anonymous_7)
FN:23,(anonymous_8)
FN:48,(anonymous_9)
FN:48,(anonymous_10)
FN:86,(anonymous_11)
FN:86,(anonymous_12)
FN:109,(anonymous_13)
FN:109,(anonymous_14)
FNF:8
FNH:8
FNDA:1,(anonymous_7)
FNDA:1,(anonymous_8)
FNDA:1,(anonymous_9)
FNDA:1,(anonymous_10)
FNDA:1,(anonymous_11)
FNDA:1,(anonymous_12)
FNDA:4,(anonymous_13)
FNDA:4,(anonymous_14)
DA:1,4
DA:2,4
DA:4,4
DA:5,4
DA:23,4
DA:48,4
DA:86,4
DA:109,4
DA:111,4
LF:9
LH:9
BRF:0
BRH:0
end_of_record
TN:
SF:src/services/authService.ts
FN:11,(anonymous_8)
FN:11,(anonymous_9)
FN:33,(anonymous_10)
FN:43,(anonymous_11)
FN:43,(anonymous_12)
FN:72,(anonymous_13)
FN:72,(anonymous_14)
FN:89,(anonymous_15)
FN:89,(anonymous_16)
FN:110,(anonymous_17)
FN:110,(anonymous_18)
FN:112,(anonymous_19)
FN:117,(anonymous_20)
FN:130,(anonymous_21)
FNF:14
FNH:14
FNDA:4,(anonymous_8)
FNDA:4,(anonymous_9)
FNDA:8,(anonymous_10)
FNDA:6,(anonymous_11)
FNDA:6,(anonymous_12)
FNDA:4,(anonymous_13)
FNDA:4,(anonymous_14)
FNDA:2,(anonymous_15)
FNDA:2,(anonymous_16)
FNDA:2,(anonymous_17)
FNDA:2,(anonymous_18)
FNDA:4,(anonymous_19)
FNDA:18,(anonymous_20)
FNDA:18,(anonymous_21)
DA:1,4
DA:2,4
DA:3,4
DA:11,4
DA:12,4
DA:13,0
DA:16,4
DA:17,4
DA:18,0
DA:21,4
DA:22,4
DA:23,0
DA:26,4
DA:27,4
DA:29,4
DA:30,4
DA:33,4
DA:34,8
DA:35,0
DA:37,8
DA:38,8
DA:39,8
DA:40,8
DA:43,6
DA:44,6
DA:45,0
DA:48,6
DA:49,6
DA:51,6
DA:52,6
DA:54,6
DA:56,6
DA:57,6
DA:59,6
DA:60,0
DA:62,6
DA:63,6
DA:65,6
DA:72,4
DA:73,4
DA:74,4
DA:76,4
DA:77,4
DA:78,2
DA:79,2
DA:80,0
DA:82,2
DA:83,2
DA:85,2
DA:89,4
DA:90,2
DA:91,1
DA:92,0
DA:95,1
DA:96,1
DA:98,0
DA:101,1
DA:103,1
DA:110,4
DA:111,2
DA:112,4
DA:113,1
DA:114,1
DA:117,4
DA:118,18
DA:119,18
DA:121,18
DA:122,0
DA:123,0
DA:125,18
DA:126,0
DA:127,0
DA:130,18
DA:131,18
DA:132,0
DA:133,0
DA:135,18
DA:136,18
DA:140,4
LF:79
LH:64
BRDA:12,0,0,0
BRDA:12,1,0,4
BRDA:12,1,1,4
BRDA:12,1,2,4
BRDA:17,2,0,0
BRDA:22,3,0,0
BRDA:34,4,0,0
BRDA:44,5,0,0
BRDA:44,6,0,6
BRDA:44,6,1,6
BRDA:49,7,0,0
BRDA:52,8,0,0
BRDA:54,9,0,0
BRDA:57,10,0,0
BRDA:59,11,0,0
BRDA:73,12,0,0
BRDA:74,13,0,0
BRDA:79,14,0,0
BRDA:79,15,0,2
BRDA:79,15,1,2
BRDA:79,16,0,0
BRDA:79,16,1,2
BRDA:79,17,0,2
BRDA:79,17,1,2
BRDA:91,18,0,0
BRDA:95,19,0,1
BRDA:95,19,1,0
BRDA:112,20,0,0
BRDA:112,20,1,1
BRDA:112,21,0,1
BRDA:112,21,1,1
BRDA:113,22,0,1
BRDA:113,22,1,0
BRDA:119,23,0,18
BRDA:119,23,1,18
BRDA:121,24,0,0
BRDA:125,25,0,0
BRDA:131,26,0,0
BRF:38
BRH:17
end_of_record
TN:
SF:src/services/commentService.ts
FN:5,(anonymous_8)
FN:5,(anonymous_9)
FN:22,(anonymous_10)
FN:22,(anonymous_11)
FN:32,(anonymous_12)
FN:32,(anonymous_13)
FN:41,(anonymous_14)
FN:41,(anonymous_15)
FN:56,(anonymous_16)
FN:56,(anonymous_17)
FNF:10
FNH:8
FNDA:3,(anonymous_8)
FNDA:3,(anonymous_9)
FNDA:2,(anonymous_10)
FNDA:2,(anonymous_11)
FNDA:5,(anonymous_12)
FNDA:5,(anonymous_13)
FNDA:2,(anonymous_14)
FNDA:2,(anonymous_15)
FNDA:0,(anonymous_16)
FNDA:0,(anonymous_17)
DA:2,4
DA:3,4
DA:5,4
DA:6,3
DA:7,0
DA:10,3
DA:11,3
DA:13,3
DA:14,3
DA:16,3
DA:17,3
DA:19,3
DA:22,4
DA:23,2
DA:24,1
DA:26,1
DA:27,1
DA:29,1
DA:32,5
DA:33,5
DA:34,3
DA:35,0
DA:38,3
DA:41,4
DA:42,2
DA:43,0
DA:46,2
DA:47,1
DA:49,1
DA:50,1
DA:51,0
DA:53,1
DA:56,4
DA:57,0
DA:58,0
DA:60,0
DA:63,4
LF:37
LH:30
BRDA:6,0,0,0
BRDA:6,1,0,3
BRDA:6,1,1,3
BRDA:6,1,2,3
BRDA:11,2,0,0
BRDA:24,3,0,0
BRDA:34,4,0,0
BRDA:42,5,0,0
BRDA:47,6,0,0
BRDA:50,7,0,0
BRDA:58,8,0,0
BRF:11
BRH:3
end_of_record
TN:
SF:src/services/postService.ts
FN:5,(anonymous_8)
FN:5,(anonymous_9)
FN:15,(anonymous_10)
FN:15,(anonymous_11)
FN:20,(anonymous_12)
FN:20,(anonymous_13)
FN:28,(anonymous_14)
FN:28,(anonymous_15)
FN:46,(anonymous_16)
FN:46,(anonymous_17)
FNF:10
FNH:10
FNDA:2,(anonymous_8)
FNDA:2,(anonymous_9)
FNDA:1,(anonymous_10)
FNDA:1,(anonymous_11)
FNDA:3,(anonymous_12)
FNDA:3,(anonymous_13)
FNDA:1,(anonymous_14)
FNDA:1,(anonymous_15)
FNDA:3,(anonymous_16)
FNDA:3,(anonymous_17)
DA:1,4
DA:2,4
DA:5,4
DA:6,2
DA:7,0
DA:10,2
DA:12,2
DA:15,4
DA:16,1
DA:17,1
DA:20,4
DA:21,3
DA:22,2
DA:23,1
DA:25,1
DA:28,4
DA:29,1
DA:30,0
DA:33,1
DA:34,1
DA:35,0
DA:38,1
DA:39,0
DA:42,1
DA:46,4
DA:47,3
DA:48,3
DA:49,3
DA:51,0
DA:56,4
LF:30
LH:25
BRDA:6,0,0,0
BRDA:6,1,0,2
BRDA:6,1,1,2
BRDA:16,2,0,0
BRDA:16,2,1,1
BRDA:22,3,0,1
BRDA:29,4,0,0
BRDA:34,5,0,0
BRDA:38,6,0,0
BRF:9
BRH:4
end_of_record
TN:
SF:src/services/usersService.ts
FN:5,(anonymous_8)
FN:9,(anonymous_10)
FN:13,(anonymous_12)
FN:17,(anonymous_14)
FN:21,(anonymous_16)
FNF:5
FNH:4
FNDA:0,(anonymous_8)
FNDA:1,(anonymous_10)
FNDA:1,(anonymous_12)
FNDA:1,(anonymous_14)
FNDA:4,(anonymous_16)
DA:1,4
DA:4,4
DA:6,0
DA:10,1
DA:14,1
DA:18,1
DA:22,4
DA:23,4
LF:8
LH:7
BRF:0
BRH:0
end_of_record
